  Source.cpp
c:\users\catalin\source\repos\project2\project2\source.cpp(43): warning C4244: 'initializing': conversion from 'double' to 'float', possible loss of data
c:\users\catalin\source\repos\project2\project2\source.cpp(61): warning C4244: 'initializing': conversion from 'double' to 'float', possible loss of data
Source.obj : error LNK2019: unresolved external symbol _clGetPlatformIDs@12 referenced in function _main
Source.obj : error LNK2019: unresolved external symbol _clGetDeviceIDs@24 referenced in function _main
Source.obj : error LNK2019: unresolved external symbol _clCreateContext@24 referenced in function _main
Source.obj : error LNK2019: unresolved external symbol _clReleaseContext@4 referenced in function _main
Source.obj : error LNK2019: unresolved external symbol _clCreateCommandQueueWithProperties@16 referenced in function _main
Source.obj : error LNK2019: unresolved external symbol _clReleaseCommandQueue@4 referenced in function _main
Source.obj : error LNK2019: unresolved external symbol _clCreateBuffer@24 referenced in function _main
Source.obj : error LNK2019: unresolved external symbol _clReleaseMemObject@4 referenced in function _main
Source.obj : error LNK2019: unresolved external symbol _clCreateProgramWithSource@20 referenced in function _main
Source.obj : error LNK2019: unresolved external symbol _clReleaseProgram@4 referenced in function _main
Source.obj : error LNK2019: unresolved external symbol _clBuildProgram@24 referenced in function _main
Source.obj : error LNK2019: unresolved external symbol _clCreateKernel@12 referenced in function _main
Source.obj : error LNK2019: unresolved external symbol _clReleaseKernel@4 referenced in function _main
Source.obj : error LNK2019: unresolved external symbol _clSetKernelArg@16 referenced in function _main
Source.obj : error LNK2019: unresolved external symbol _clFlush@4 referenced in function _main
Source.obj : error LNK2019: unresolved external symbol _clFinish@4 referenced in function _main
Source.obj : error LNK2019: unresolved external symbol _clEnqueueReadBuffer@36 referenced in function _main
Source.obj : error LNK2019: unresolved external symbol _clEnqueueWriteBuffer@36 referenced in function _main
Source.obj : error LNK2019: unresolved external symbol _clEnqueueNDRangeKernel@36 referenced in function _main
C:\Users\catalin\source\repos\Project2\Project2\CL\OpenCL.lib : warning LNK4272: library machine type 'x64' conflicts with target machine type 'x86'
C:\Users\catalin\source\repos\Project2\Debug\Project2.exe : fatal error LNK1120: 19 unresolved externals
